DEBUG: TIME: 2021/05/24 13:33:29 programLicense.go:105: ParseFields 200 5000
ERROR: TIME: 2021/05/24 13:33:29 main.go:57: |Message: Error open DB sql: unknown driver "postgres" (forgotten import?)
DEBUG: TIME: 2021/05/24 13:55:53 programLicense.go:105: ParseFields 200 5000
INFO: TIME: 2021/05/24 13:55:53 |Message: Start work...
DEBUG: TIME: 2021/05/24 13:56:40 programLicense.go:105: ParseFields 200 5000
INFO: TIME: 2021/05/24 13:56:40 |Message: Start work...
DEBUG: TIME: 2021/05/24 13:57:34 programLicense.go:105: ParseFields 200 5000
INFO: TIME: 2021/05/24 13:57:34 |Message: Start work...
DEBUG: TIME: 2021/05/24 13:59:02 programLicense.go:105: ParseFields 200 5000
INFO: TIME: 2021/05/24 13:59:02 |Message: Start work...
DEBUG: TIME: 2021/05/24 14:02:56 programLicense.go:105: ParseFields 200 5000
INFO: TIME: 2021/05/24 14:02:56 |Message: Start work...
DEBUG: TIME: 2021/05/24 14:03:21 programLicense.go:105: ParseFields 200 5000
INFO: TIME: 2021/05/24 14:03:21 |Message: Start work...
DEBUG: TIME: 2021/05/24 14:06:30 programLicense.go:105: ParseFields 200 5000
INFO: TIME: 2021/05/24 14:06:30 |Message: Start work...
DEBUG: TIME: 2021/05/24 14:08:16 programLicense.go:105: ParseFields 200 5000
INFO: TIME: 2021/05/24 14:08:16 |Message: Start work...
DEBUG: TIME: 2021/05/24 14:09:48 programLicense.go:105: ParseFields 200 5000
INFO: TIME: 2021/05/24 14:09:48 |Message: Start work...
INFO: TIME: 2021/05/24 14:09:48 |Message: Start server without SSL
ERROR: TIME: 2021/05/24 14:09:48 main.go:74: |Message: Error start main server  listen tcp :80: bind: permission denied
ERROR: TIME: 2021/05/24 14:09:48 main.go:90: |Message: Error start main server  listen tcp :443: bind: permission denied
INFO: TIME: 2021/05/24 14:09:55 |Message: Shutting down server...
